
> info-study-app@0.0.0 typecheck
> tsc

src/components/common/Toast.test.tsx(11,46): error TS2339: Property 'toBeInTheDocument' does not exist on type 'Assertion<HTMLElement>'.
src/components/common/Toast.test.tsx(19,19): error TS2339: Property 'toBeInTheDocument' does not exist on type 'Assertion<Element | null>'.
src/components/common/Toast.test.tsx(26,19): error TS2339: Property 'toBeInTheDocument' does not exist on type 'Assertion<Element | null>'.
src/components/common/Toast.test.tsx(33,19): error TS2339: Property 'toBeInTheDocument' does not exist on type 'Assertion<Element | null>'.
src/components/common/Toast.test.tsx(71,26): error TS2339: Property 'toBeInTheDocument' does not exist on type 'Assertion<HTMLElement>'.
src/components/game/ResultView.tsx(6,10): error TS6133: 'UserStats' is declared but its value is never read.
src/context/AppContext.tsx(2,8): error TS6133: 'React' is declared but its value is never read.
src/context/ToastContext.tsx(2,8): error TS6133: 'React' is declared but its value is never read.
src/hooks/useAppData.ts(9,35): error TS6133: 'Quiz' is declared but its value is never read.
src/hooks/useAppData.ts(53,11): error TS6133: 'showSuccess' is declared but its value is never read.
src/hooks/useAppData.ts(148,59): error TS6133: 'force' is declared but its value is never read.
src/hooks/useAppData.ts(192,21): error TS6133: 'setSaveError' is declared but its value is never read.
src/lib/firebase.ts(9,3): error TS6133: 'User' is declared but its value is never read.
